This file contains any messages produced by compilers while
running configure, to aid debugging if configure makes a mistake.

It was created by FULL-PACKAGE-NAME configure VERSION, which was
generated by GNU Autoconf 2.69.  Invocation command line was

  $ ./configure 

## --------- ##
## Platform. ##
## --------- ##

hostname = fangzhendeMacBook-Air.local
uname -m = x86_64
uname -r = 14.0.0
uname -s = Darwin
uname -v = Darwin Kernel Version 14.0.0: Fri Sep 19 00:26:44 PDT 2014; root:xnu-2782.1.97~2/RELEASE_X86_64

/usr/bin/uname -p = i386
/bin/uname -X     = unknown

/bin/arch              = unknown
/usr/bin/arch -k       = unknown
/usr/convex/getsysinfo = unknown
/usr/bin/hostinfo      = Mach kernel version:
	 Darwin Kernel Version 14.0.0: Fri Sep 19 00:26:44 PDT 2014; root:xnu-2782.1.97~2/RELEASE_X86_64
Kernel configured for up to 4 processors.
2 processors are physically available.
4 processors are logically available.
Processor type: x86_64h (Intel x86-64h Haswell)
Processors active: 0 1 2 3
Primary memory available: 4.00 gigabytes
Default processor set: 234 tasks, 1139 threads, 4 processors
Load average: 0.61, Mach factor: 3.38
/bin/machine           = unknown
/usr/bin/oslevel       = unknown
/bin/universe          = unknown

PATH: /Users/fz/.rbenv/shims
PATH: /Users/fz/.rbenv/bin
PATH: /Users/fz/bin
PATH: /usr/local/bin
PATH: /usr/local/bin
PATH: /usr/bin
PATH: /bin
PATH: /usr/sbin
PATH: /sbin
PATH: /usr/texbin


## ----------- ##
## Core tests. ##
## ----------- ##

configure:2196: checking for gcc
configure:2212: found /usr/bin/gcc
configure:2223: result: gcc
configure:2452: checking for C compiler version
configure:2461: gcc --version >&5
Apple LLVM version 6.0 (clang-600.0.56) (based on LLVM 3.5svn)
Target: x86_64-apple-darwin14.0.0
Thread model: posix
Configured with: --prefix=/Applications/Xcode.app/Contents/Developer/usr --with-gxx-include-dir=/usr/include/c++/4.2.1
configure:2472: $? = 0
configure:2461: gcc -v >&5
Configured with: --prefix=/Applications/Xcode.app/Contents/Developer/usr --with-gxx-include-dir=/usr/include/c++/4.2.1
Apple LLVM version 6.0 (clang-600.0.56) (based on LLVM 3.5svn)
Target: x86_64-apple-darwin14.0.0
Thread model: posix
configure:2472: $? = 0
configure:2461: gcc -V >&5
clang: error: argument to '-V' is missing (expected 1 value)
clang: error: no input files
configure:2472: $? = 1
configure:2461: gcc -qversion >&5
clang: error: unknown argument: '-qversion'
clang: error: no input files
configure:2472: $? = 1
configure:2492: checking whether the C compiler works
configure:2514: gcc    conftest.c  >&5
configure:2518: $? = 0
configure:2566: result: yes
configure:2569: checking for C compiler default output file name
configure:2571: result: a.out
configure:2577: checking for suffix of executables
configure:2584: gcc -o conftest    conftest.c  >&5
configure:2588: $? = 0
configure:2610: result: 
configure:2632: checking whether we are cross compiling
configure:2640: gcc -o conftest    conftest.c  >&5
configure:2644: $? = 0
configure:2651: ./conftest
configure:2655: $? = 0
configure:2670: result: no
configure:2675: checking for suffix of object files
configure:2697: gcc -c   conftest.c >&5
configure:2701: $? = 0
configure:2722: result: o
configure:2726: checking whether we are using the GNU C compiler
configure:2745: gcc -c   conftest.c >&5
configure:2745: $? = 0
configure:2754: result: yes
configure:2763: checking whether gcc accepts -g
configure:2783: gcc -c -g  conftest.c >&5
configure:2783: $? = 0
configure:2824: result: yes
configure:2841: checking for gcc option to accept ISO C89
configure:2904: gcc  -c -g -O2  conftest.c >&5
configure:2904: $? = 0
configure:2917: result: none needed
configure:2944: checking for main in -lcrypto
configure:2963: gcc -o conftest -g -O2   conftest.c -lcrypto   >&5
configure:2963: $? = 0
configure:2972: result: yes
configure:2984: checking for main in -lgmp
configure:3003: gcc -o conftest -g -O2   conftest.c -lgmp  -lcrypto  >&5
configure:3003: $? = 0
configure:3012: result: yes
configure:3024: checking for main in -lpbc
configure:3043: gcc -o conftest -g -O2   conftest.c -lpbc  -lgmp -lcrypto  >&5
configure:3043: $? = 0
configure:3052: result: yes
configure:3070: checking how to run the C preprocessor
configure:3101: gcc -E  conftest.c
configure:3101: $? = 0
configure:3115: gcc -E  conftest.c
conftest.c:12:10: fatal error: 'ac_nonexistent.h' file not found
#include <ac_nonexistent.h>
         ^
1 error generated.
configure:3115: $? = 1
configure: failed program was:
| /* confdefs.h */
| #define PACKAGE_NAME "FULL-PACKAGE-NAME"
| #define PACKAGE_TARNAME "full-package-name"
| #define PACKAGE_VERSION "VERSION"
| #define PACKAGE_STRING "FULL-PACKAGE-NAME VERSION"
| #define PACKAGE_BUGREPORT "BUG-REPORT-ADDRESS"
| #define PACKAGE_URL ""
| #define HAVE_LIBCRYPTO 1
| #define HAVE_LIBGMP 1
| #define HAVE_LIBPBC 1
| /* end confdefs.h.  */
| #include <ac_nonexistent.h>
configure:3140: result: gcc -E
configure:3160: gcc -E  conftest.c
configure:3160: $? = 0
configure:3174: gcc -E  conftest.c
conftest.c:12:10: fatal error: 'ac_nonexistent.h' file not found
#include <ac_nonexistent.h>
         ^
1 error generated.
configure:3174: $? = 1
configure: failed program was:
| /* confdefs.h */
| #define PACKAGE_NAME "FULL-PACKAGE-NAME"
| #define PACKAGE_TARNAME "full-package-name"
| #define PACKAGE_VERSION "VERSION"
| #define PACKAGE_STRING "FULL-PACKAGE-NAME VERSION"
| #define PACKAGE_BUGREPORT "BUG-REPORT-ADDRESS"
| #define PACKAGE_URL ""
| #define HAVE_LIBCRYPTO 1
| #define HAVE_LIBGMP 1
| #define HAVE_LIBPBC 1
| /* end confdefs.h.  */
| #include <ac_nonexistent.h>
configure:3203: checking for grep that handles long lines and -e
configure:3261: result: /usr/bin/grep
configure:3266: checking for egrep
configure:3328: result: /usr/bin/grep -E
configure:3333: checking for ANSI C header files
configure:3353: gcc -c -g -O2  conftest.c >&5
configure:3353: $? = 0
configure:3426: gcc -o conftest -g -O2   conftest.c -lpbc -lgmp -lcrypto  >&5
configure:3426: $? = 0
configure:3426: ./conftest
configure:3426: $? = 0
configure:3437: result: yes
configure:3450: checking for sys/types.h
configure:3450: gcc -c -g -O2  conftest.c >&5
configure:3450: $? = 0
configure:3450: result: yes
configure:3450: checking for sys/stat.h
configure:3450: gcc -c -g -O2  conftest.c >&5
configure:3450: $? = 0
configure:3450: result: yes
configure:3450: checking for stdlib.h
configure:3450: gcc -c -g -O2  conftest.c >&5
configure:3450: $? = 0
configure:3450: result: yes
configure:3450: checking for string.h
configure:3450: gcc -c -g -O2  conftest.c >&5
configure:3450: $? = 0
configure:3450: result: yes
configure:3450: checking for memory.h
configure:3450: gcc -c -g -O2  conftest.c >&5
configure:3450: $? = 0
configure:3450: result: yes
configure:3450: checking for strings.h
configure:3450: gcc -c -g -O2  conftest.c >&5
configure:3450: $? = 0
configure:3450: result: yes
configure:3450: checking for inttypes.h
configure:3450: gcc -c -g -O2  conftest.c >&5
configure:3450: $? = 0
configure:3450: result: yes
configure:3450: checking for stdint.h
configure:3450: gcc -c -g -O2  conftest.c >&5
configure:3450: $? = 0
configure:3450: result: yes
configure:3450: checking for unistd.h
configure:3450: gcc -c -g -O2  conftest.c >&5
configure:3450: $? = 0
configure:3450: result: yes
configure:3465: checking for stdlib.h
configure:3465: result: yes
configure:3465: checking for string.h
configure:3465: result: yes
configure:3477: checking for size_t
configure:3477: gcc -c -g -O2  conftest.c >&5
configure:3477: $? = 0
configure:3477: gcc -c -g -O2  conftest.c >&5
conftest.c:60:21: error: expected expression
if (sizeof ((size_t)))
                    ^
1 error generated.
configure:3477: $? = 1
configure: failed program was:
| /* confdefs.h */
| #define PACKAGE_NAME "FULL-PACKAGE-NAME"
| #define PACKAGE_TARNAME "full-package-name"
| #define PACKAGE_VERSION "VERSION"
| #define PACKAGE_STRING "FULL-PACKAGE-NAME VERSION"
| #define PACKAGE_BUGREPORT "BUG-REPORT-ADDRESS"
| #define PACKAGE_URL ""
| #define HAVE_LIBCRYPTO 1
| #define HAVE_LIBGMP 1
| #define HAVE_LIBPBC 1
| #define STDC_HEADERS 1
| #define HAVE_SYS_TYPES_H 1
| #define HAVE_SYS_STAT_H 1
| #define HAVE_STDLIB_H 1
| #define HAVE_STRING_H 1
| #define HAVE_MEMORY_H 1
| #define HAVE_STRINGS_H 1
| #define HAVE_INTTYPES_H 1
| #define HAVE_STDINT_H 1
| #define HAVE_UNISTD_H 1
| #define HAVE_STDLIB_H 1
| #define HAVE_STRING_H 1
| /* end confdefs.h.  */
| #include <stdio.h>
| #ifdef HAVE_SYS_TYPES_H
| # include <sys/types.h>
| #endif
| #ifdef HAVE_SYS_STAT_H
| # include <sys/stat.h>
| #endif
| #ifdef STDC_HEADERS
| # include <stdlib.h>
| # include <stddef.h>
| #else
| # ifdef HAVE_STDLIB_H
| #  include <stdlib.h>
| # endif
| #endif
| #ifdef HAVE_STRING_H
| # if !defined STDC_HEADERS && defined HAVE_MEMORY_H
| #  include <memory.h>
| # endif
| # include <string.h>
| #endif
| #ifdef HAVE_STRINGS_H
| # include <strings.h>
| #endif
| #ifdef HAVE_INTTYPES_H
| # include <inttypes.h>
| #endif
| #ifdef HAVE_STDINT_H
| # include <stdint.h>
| #endif
| #ifdef HAVE_UNISTD_H
| # include <unistd.h>
| #endif
| int
| main ()
| {
| if (sizeof ((size_t)))
| 	    return 0;
|   ;
|   return 0;
| }
configure:3477: result: yes
configure:3488: checking for ssize_t
configure:3488: gcc -c -g -O2  conftest.c >&5
configure:3488: $? = 0
configure:3488: gcc -c -g -O2  conftest.c >&5
conftest.c:60:22: error: expected expression
if (sizeof ((ssize_t)))
                     ^
1 error generated.
configure:3488: $? = 1
configure: failed program was:
| /* confdefs.h */
| #define PACKAGE_NAME "FULL-PACKAGE-NAME"
| #define PACKAGE_TARNAME "full-package-name"
| #define PACKAGE_VERSION "VERSION"
| #define PACKAGE_STRING "FULL-PACKAGE-NAME VERSION"
| #define PACKAGE_BUGREPORT "BUG-REPORT-ADDRESS"
| #define PACKAGE_URL ""
| #define HAVE_LIBCRYPTO 1
| #define HAVE_LIBGMP 1
| #define HAVE_LIBPBC 1
| #define STDC_HEADERS 1
| #define HAVE_SYS_TYPES_H 1
| #define HAVE_SYS_STAT_H 1
| #define HAVE_STDLIB_H 1
| #define HAVE_STRING_H 1
| #define HAVE_MEMORY_H 1
| #define HAVE_STRINGS_H 1
| #define HAVE_INTTYPES_H 1
| #define HAVE_STDINT_H 1
| #define HAVE_UNISTD_H 1
| #define HAVE_STDLIB_H 1
| #define HAVE_STRING_H 1
| /* end confdefs.h.  */
| #include <stdio.h>
| #ifdef HAVE_SYS_TYPES_H
| # include <sys/types.h>
| #endif
| #ifdef HAVE_SYS_STAT_H
| # include <sys/stat.h>
| #endif
| #ifdef STDC_HEADERS
| # include <stdlib.h>
| # include <stddef.h>
| #else
| # ifdef HAVE_STDLIB_H
| #  include <stdlib.h>
| # endif
| #endif
| #ifdef HAVE_STRING_H
| # if !defined STDC_HEADERS && defined HAVE_MEMORY_H
| #  include <memory.h>
| # endif
| # include <string.h>
| #endif
| #ifdef HAVE_STRINGS_H
| # include <strings.h>
| #endif
| #ifdef HAVE_INTTYPES_H
| # include <inttypes.h>
| #endif
| #ifdef HAVE_STDINT_H
| # include <stdint.h>
| #endif
| #ifdef HAVE_UNISTD_H
| # include <unistd.h>
| #endif
| int
| main ()
| {
| if (sizeof ((ssize_t)))
| 	    return 0;
|   ;
|   return 0;
| }
configure:3488: result: yes
configure:3503: checking for stdlib.h
configure:3503: result: yes
configure:3513: checking for GNU libc compatible malloc
configure:3537: gcc -o conftest -g -O2   conftest.c -lpbc -lgmp -lcrypto  >&5
configure:3537: $? = 0
configure:3537: ./conftest
configure:3537: $? = 0
configure:3547: result: yes
configure:3571: checking for memset
configure:3571: gcc -o conftest -g -O2   conftest.c -lpbc -lgmp -lcrypto  >&5
conftest.c:49:6: warning: incompatible redeclaration of library function 'memset' [-Wincompatible-library-redeclaration]
char memset ();
     ^
conftest.c:49:6: note: 'memset' is a builtin with type 'void *(void *, int, unsigned long)'
1 warning generated.
configure:3571: $? = 0
configure:3571: result: yes
configure:3571: checking for pow
configure:3571: gcc -o conftest -g -O2   conftest.c -lpbc -lgmp -lcrypto  >&5
conftest.c:50:6: warning: incompatible redeclaration of library function 'pow' [-Wincompatible-library-redeclaration]
char pow ();
     ^
conftest.c:50:6: note: 'pow' is a builtin with type 'double (double, double)'
1 warning generated.
configure:3571: $? = 0
configure:3571: result: yes
configure:3571: checking for strdup
configure:3571: gcc -o conftest -g -O2   conftest.c -lpbc -lgmp -lcrypto  >&5
conftest.c:51:6: warning: incompatible redeclaration of library function 'strdup' [-Wincompatible-library-redeclaration]
char strdup ();
     ^
conftest.c:51:6: note: 'strdup' is a builtin with type 'char *(const char *)'
1 warning generated.
configure:3571: $? = 0
configure:3571: result: yes
configure:3697: creating ./config.status

## ---------------------- ##
## Running config.status. ##
## ---------------------- ##

This file was extended by FULL-PACKAGE-NAME config.status VERSION, which was
generated by GNU Autoconf 2.69.  Invocation command line was

  CONFIG_FILES    = 
  CONFIG_HEADERS  = 
  CONFIG_LINKS    = 
  CONFIG_COMMANDS = 
  $ ./config.status 

on fangzhendeMacBook-Air.local

config.status:809: creating Makefile
config.status:809: creating config.h
config.status:979: config.h is unchanged

## ---------------- ##
## Cache variables. ##
## ---------------- ##

ac_cv_c_compiler_gnu=yes
ac_cv_env_CC_set=
ac_cv_env_CC_value=
ac_cv_env_CFLAGS_set=
ac_cv_env_CFLAGS_value=
ac_cv_env_CPPFLAGS_set=
ac_cv_env_CPPFLAGS_value=
ac_cv_env_CPP_set=
ac_cv_env_CPP_value=
ac_cv_env_LDFLAGS_set=
ac_cv_env_LDFLAGS_value=
ac_cv_env_LIBS_set=
ac_cv_env_LIBS_value=
ac_cv_env_build_alias_set=
ac_cv_env_build_alias_value=
ac_cv_env_host_alias_set=
ac_cv_env_host_alias_value=
ac_cv_env_target_alias_set=
ac_cv_env_target_alias_value=
ac_cv_func_malloc_0_nonnull=yes
ac_cv_func_memset=yes
ac_cv_func_pow=yes
ac_cv_func_strdup=yes
ac_cv_header_inttypes_h=yes
ac_cv_header_memory_h=yes
ac_cv_header_stdc=yes
ac_cv_header_stdint_h=yes
ac_cv_header_stdlib_h=yes
ac_cv_header_string_h=yes
ac_cv_header_strings_h=yes
ac_cv_header_sys_stat_h=yes
ac_cv_header_sys_types_h=yes
ac_cv_header_unistd_h=yes
ac_cv_lib_crypto_main=yes
ac_cv_lib_gmp_main=yes
ac_cv_lib_pbc_main=yes
ac_cv_objext=o
ac_cv_path_EGREP='/usr/bin/grep -E'
ac_cv_path_GREP=/usr/bin/grep
ac_cv_prog_CPP='gcc -E'
ac_cv_prog_ac_ct_CC=gcc
ac_cv_prog_cc_c89=
ac_cv_prog_cc_g=yes
ac_cv_type_size_t=yes
ac_cv_type_ssize_t=yes

## ----------------- ##
## Output variables. ##
## ----------------- ##

CC='gcc'
CFLAGS='-g -O2'
CPP='gcc -E'
CPPFLAGS=''
DEFS='-DHAVE_CONFIG_H'
ECHO_C='\c'
ECHO_N=''
ECHO_T=''
EGREP='/usr/bin/grep -E'
EXEEXT=''
FENC_LDFLAGS=''
GREP='/usr/bin/grep'
LDFLAGS=''
LIBFENC_LDFLAGS=''
LIBOBJS=''
LIBS='-lpbc -lgmp -lcrypto '
LTLIBOBJS=''
OBJEXT='o'
PACKAGE_BUGREPORT='BUG-REPORT-ADDRESS'
PACKAGE_NAME='FULL-PACKAGE-NAME'
PACKAGE_STRING='FULL-PACKAGE-NAME VERSION'
PACKAGE_TARNAME='full-package-name'
PACKAGE_URL=''
PACKAGE_VERSION='VERSION'
PATH_SEPARATOR=':'
SHELL='/bin/sh'
ac_ct_CC='gcc'
bindir='${exec_prefix}/bin'
build_alias=''
datadir='${datarootdir}'
datarootdir='${prefix}/share'
docdir='${datarootdir}/doc/${PACKAGE_TARNAME}'
dvidir='${docdir}'
exec_prefix='${prefix}'
host_alias=''
htmldir='${docdir}'
includedir='${prefix}/include'
infodir='${datarootdir}/info'
libdir='${exec_prefix}/lib'
libexecdir='${exec_prefix}/libexec'
localedir='${datarootdir}/locale'
localstatedir='${prefix}/var'
mandir='${datarootdir}/man'
oldincludedir='/usr/include'
pdfdir='${docdir}'
prefix='/usr/local'
program_transform_name='s,x,x,'
psdir='${docdir}'
sbindir='${exec_prefix}/sbin'
sharedstatedir='${prefix}/com'
sysconfdir='${prefix}/etc'
target_alias=''

## ----------- ##
## confdefs.h. ##
## ----------- ##

/* confdefs.h */
#define PACKAGE_NAME "FULL-PACKAGE-NAME"
#define PACKAGE_TARNAME "full-package-name"
#define PACKAGE_VERSION "VERSION"
#define PACKAGE_STRING "FULL-PACKAGE-NAME VERSION"
#define PACKAGE_BUGREPORT "BUG-REPORT-ADDRESS"
#define PACKAGE_URL ""
#define HAVE_LIBCRYPTO 1
#define HAVE_LIBGMP 1
#define HAVE_LIBPBC 1
#define STDC_HEADERS 1
#define HAVE_SYS_TYPES_H 1
#define HAVE_SYS_STAT_H 1
#define HAVE_STDLIB_H 1
#define HAVE_STRING_H 1
#define HAVE_MEMORY_H 1
#define HAVE_STRINGS_H 1
#define HAVE_INTTYPES_H 1
#define HAVE_STDINT_H 1
#define HAVE_UNISTD_H 1
#define HAVE_STDLIB_H 1
#define HAVE_STRING_H 1
#define HAVE_STDLIB_H 1
#define HAVE_MALLOC 1
#define HAVE_MEMSET 1
#define HAVE_POW 1
#define HAVE_STRDUP 1

configure: exit 0
